2022-05-22 16:51:11,979 : INFO : Start of Prediction
2022-05-22 16:51:11,979 : INFO : run_id:2022-05-22_165111_615615517
2022-05-22 16:51:11,979 : INFO : Start of Preprocessing...
2022-05-22 16:51:11,979 : INFO : Start of feature encoding...
2022-05-22 16:51:11,984 : INFO : End of feature encoding...
2022-05-22 16:51:11,984 : INFO : Start of Droping Columns...
2022-05-22 16:51:11,986 : INFO : End of Droping Columns...
2022-05-22 16:51:11,986 : INFO : Start of finding missing values...
2022-05-22 16:51:11,987 : INFO : End of finding missing values...
2022-05-22 16:51:11,987 : INFO : Start of building final predictset...
2022-05-22 16:51:11,993 : INFO : End of building final predictset...
2022-05-22 16:51:11,993 : INFO : End of Preprocessing...
2022-05-22 16:51:11,993 : INFO : Start of Load Model
2022-05-22 16:51:11,993 : INFO : Model File KMeans loaded
2022-05-22 16:51:11,993 : INFO : End of Load Model
2022-05-22 16:51:11,995 : INFO : clusters loop started
2022-05-22 16:51:11,995 : INFO : Start of finding correct model
2022-05-22 16:51:11,995 : INFO : End of finding correct model
2022-05-22 16:51:11,995 : INFO : Start of Load Model
2022-05-22 16:51:11,996 : INFO : Model File XGBoost1 loaded
2022-05-22 16:51:11,996 : INFO : End of Load Model
2022-05-22 16:51:12,004 : INFO : Shape of Data (1, 9)
2022-05-22 16:51:12,010 : INFO : Shape of Data None
2022-05-22 16:51:12,011 : INFO : Output : [1.]
2022-05-22 16:51:12,011 : INFO : End of Prediction
