2022-05-20 12:34:31,478 : INFO : Start of Prediction
2022-05-20 12:34:31,478 : INFO : run_id:2022-05-20_123431_224665039
2022-05-20 12:34:31,478 : INFO : Start of Data Load, validation and transformation
2022-05-20 12:34:31,478 : INFO : Start of Archiving Old Rejected Files...
2022-05-20 12:34:31,478 : INFO : End of Archiving Old Rejected Files...
2022-05-20 12:34:31,478 : INFO : Start of Archiving Old Validated Files...
2022-05-20 12:34:31,478 : INFO : End of Archiving Old Validated Files...
2022-05-20 12:34:31,478 : INFO : Start of Archiving Old Processed Files...
2022-05-20 12:34:31,478 : INFO : End of Archiving Old Processed Files...
2022-05-20 12:34:31,478 : INFO : Start of Archiving Old Result Files...
2022-05-20 12:34:31,479 : INFO : End of Archiving Old Result Files...
2022-05-20 12:34:31,479 : INFO : Start of Reading values From Schema...
2022-05-20 12:34:31,479 : INFO : End of Reading values From Schema...
2022-05-20 12:34:31,479 : INFO : Start of Validating Column Length...
2022-05-20 12:34:31,480 : INFO : End of Validating Column Length...
2022-05-20 12:34:31,480 : INFO : Start of Validating Missing Values...
2022-05-20 12:34:31,482 : INFO : End of Validating Missing Values...
2022-05-20 12:34:31,482 : INFO : Start of Replacing Missing Values with NULL...
2022-05-20 12:34:31,500 : INFO : hr_employee_churn_data_predict3.csv: File Transformed successfully!!
2022-05-20 12:34:31,502 : INFO : End of Replacing Missing Values with NULL...
2022-05-20 12:34:31,502 : INFO : Start of Creating Table...
2022-05-20 12:34:31,502 : INFO : Opened prediction database successfully
2022-05-20 12:34:31,512 : INFO : CREATE TABLE prediction_raw_data_t column_name
2022-05-20 12:34:31,515 : INFO : ALTER TABLE prediction_raw_data_t ADD COLUMN
2022-05-20 12:34:31,519 : INFO : ALTER TABLE prediction_raw_data_t ADD COLUMN
2022-05-20 12:34:31,522 : INFO : ALTER TABLE prediction_raw_data_t ADD COLUMN
2022-05-20 12:34:31,525 : INFO : ALTER TABLE prediction_raw_data_t ADD COLUMN
2022-05-20 12:34:31,528 : INFO : ALTER TABLE prediction_raw_data_t ADD COLUMN
2022-05-20 12:34:31,530 : INFO : ALTER TABLE prediction_raw_data_t ADD COLUMN
2022-05-20 12:34:31,533 : INFO : ALTER TABLE prediction_raw_data_t ADD COLUMN
2022-05-20 12:34:31,536 : INFO : ALTER TABLE prediction_raw_data_t ADD COLUMN
2022-05-20 12:34:31,536 : INFO : End of Creating Table...
2022-05-20 12:34:31,536 : INFO : Opened prediction database successfully
2022-05-20 12:34:31,536 : INFO : Start of Inserting Data into Table...
2022-05-20 12:34:31,546 : INFO : End of Inserting Data into Table...
2022-05-20 12:34:31,546 : INFO : Start of Exporting Data into CSV...
2022-05-20 12:34:31,546 : INFO : Opened prediction database successfully
2022-05-20 12:34:31,547 : INFO : End of Exporting Data into CSV...
2022-05-20 12:34:31,547 : INFO : Start of Moving Processed Files...
2022-05-20 12:34:31,547 : INFO : Moved the already processed file hr_employee_churn_data_predict3.csv
2022-05-20 12:34:31,547 : INFO : End of Moving Processed Files...
2022-05-20 12:34:31,547 : INFO : End of Data Load, validation and transformation
2022-05-20 12:34:31,547 : INFO : Start of Preprocessing...
2022-05-20 12:34:31,547 : INFO : Start of reading dataset...
2022-05-20 12:34:31,548 : INFO : End of reading dataset...
2022-05-20 12:34:31,548 : INFO : Start of feature encoding...
2022-05-20 12:34:31,557 : INFO : End of feature encoding...
2022-05-20 12:34:31,559 : INFO : Start of Droping Columns...
2022-05-20 12:34:31,560 : INFO : End of Droping Columns...
2022-05-20 12:34:31,560 : INFO : Start of finding missing values...
2022-05-20 12:34:31,562 : INFO : End of finding missing values...
2022-05-20 12:34:31,562 : INFO : Start of building final predictset...
2022-05-20 12:34:31,574 : INFO : End of building final predictset...
2022-05-20 12:34:31,574 : INFO : End of Preprocessing...
2022-05-20 12:34:31,574 : INFO : Start of Load Model
2022-05-20 12:34:31,574 : INFO : Model File KMeans loaded
2022-05-20 12:34:31,574 : INFO : End of Load Model
2022-05-20 12:34:31,577 : INFO : clusters loop started
2022-05-20 12:34:31,578 : INFO : Start of finding correct model
2022-05-20 12:34:31,578 : INFO : End of finding correct model
2022-05-20 12:34:31,578 : INFO : Start of Load Model
2022-05-20 12:34:31,578 : INFO : Model File XGBoost2 loaded
2022-05-20 12:34:31,578 : INFO : End of Load Model
2022-05-20 12:34:31,602 : ERROR : Unsuccessful End of Prediction
Traceback (most recent call last):
  File "/home/mouad/Desktop/end_to_endMLProject/apps/prediction/predict_model.py", line 77, in batch_predict_from_model
    result.to_csv(self.data_path+'_results/'+'Predictions.csv', header=True, mode='a+',index=False)
  File "/home/mouad/Desktop/end_to_endMLProject/env/lib/python3.8/site-packages/pandas/core/generic.py", line 3228, in to_csv
    formatter.save()
  File "/home/mouad/Desktop/end_to_endMLProject/env/lib/python3.8/site-packages/pandas/io/formats/csvs.py", line 179, in save
    f, handles = _get_handle(
  File "/home/mouad/Desktop/end_to_endMLProject/env/lib/python3.8/site-packages/pandas/io/common.py", line 399, in _get_handle
    f = open(path_or_buf, mode, encoding=encoding, newline="")
FileNotFoundError: [Errno 2] No such file or directory: 'data/prediction_data_results/Predictions.csv'
