2022-05-22 16:40:24,499 : INFO : Start of Prediction
2022-05-22 16:40:24,499 : INFO : run_id:2022-05-22_164024_826579103
2022-05-22 16:40:24,499 : INFO : Start of Preprocessing...
2022-05-22 16:40:24,499 : INFO : Start of feature encoding...
2022-05-22 16:40:24,507 : INFO : End of feature encoding...
2022-05-22 16:40:24,507 : INFO : Start of Droping Columns...
2022-05-22 16:40:24,508 : INFO : End of Droping Columns...
2022-05-22 16:40:24,508 : INFO : Start of finding missing values...
2022-05-22 16:40:24,508 : INFO : End of finding missing values...
2022-05-22 16:40:24,508 : INFO : Start of building final predictset...
2022-05-22 16:40:24,516 : INFO : End of building final predictset...
2022-05-22 16:40:24,516 : INFO : End of Preprocessing...
2022-05-22 16:40:24,516 : INFO : Start of Load Model
2022-05-22 16:40:24,516 : INFO : Model File KMeans loaded
2022-05-22 16:40:24,516 : INFO : End of Load Model
2022-05-22 16:40:24,519 : INFO : clusters loop started
2022-05-22 16:40:24,521 : INFO : Start of finding correct model
2022-05-22 16:40:24,521 : INFO : End of finding correct model
2022-05-22 16:40:24,521 : INFO : Start of Load Model
2022-05-22 16:40:24,521 : INFO : Model File XGBoost2 loaded
2022-05-22 16:40:24,521 : INFO : End of Load Model
2022-05-22 16:40:24,527 : INFO : Shape of Data (1, 9)
2022-05-22 16:40:24,531 : INFO : Shape of Data None
2022-05-22 16:40:24,535 : INFO : Output : [0.]
2022-05-22 16:40:24,535 : INFO : End of Prediction
