2022-05-22 16:17:02,107 : INFO : Start of Prediction
2022-05-22 16:17:02,107 : INFO : run_id:2022-05-22_161702_294131237
2022-05-22 16:17:02,107 : INFO : Start of Preprocessing...
2022-05-22 16:17:02,107 : INFO : Start of feature encoding...
2022-05-22 16:17:02,114 : INFO : End of feature encoding...
2022-05-22 16:17:02,115 : INFO : Start of Droping Columns...
2022-05-22 16:17:02,116 : INFO : End of Droping Columns...
2022-05-22 16:17:02,116 : INFO : Start of finding missing values...
2022-05-22 16:17:02,116 : INFO : End of finding missing values...
2022-05-22 16:17:02,116 : INFO : Start of building final predictset...
2022-05-22 16:17:02,126 : INFO : End of building final predictset...
2022-05-22 16:17:02,126 : INFO : End of Preprocessing...
2022-05-22 16:17:02,127 : INFO : Start of Load Model
2022-05-22 16:17:02,127 : INFO : Model File KMeans loaded
2022-05-22 16:17:02,127 : INFO : End of Load Model
2022-05-22 16:17:02,129 : INFO : clusters loop started
2022-05-22 16:17:02,130 : INFO : Start of finding correct model
2022-05-22 16:17:02,131 : INFO : End of finding correct model
2022-05-22 16:17:02,131 : INFO : Start of Load Model
2022-05-22 16:17:02,131 : INFO : Model File XGBoost2 loaded
2022-05-22 16:17:02,131 : INFO : End of Load Model
2022-05-22 16:17:02,143 : INFO : Shape of Data (1, 9)
2022-05-22 16:17:02,147 : INFO : Shape of Data None
2022-05-22 16:17:02,150 : INFO : Output : [0.]
2022-05-22 16:17:02,150 : INFO : End of Prediction
