2022-05-22 18:10:27,789 : INFO : Start of Prediction
2022-05-22 18:10:27,789 : INFO : run_id:2022-05-22_181027_598201063
2022-05-22 18:10:27,789 : INFO : Start of Preprocessing...
2022-05-22 18:10:27,789 : INFO : Start of feature encoding...
2022-05-22 18:10:27,794 : INFO : End of feature encoding...
2022-05-22 18:10:27,797 : INFO : Start of Droping Columns...
2022-05-22 18:10:27,798 : INFO : End of Droping Columns...
2022-05-22 18:10:27,798 : INFO : Start of finding missing values...
2022-05-22 18:10:27,798 : INFO : End of finding missing values...
2022-05-22 18:10:27,798 : INFO : Start of building final predictset...
2022-05-22 18:10:27,802 : INFO : End of building final predictset...
2022-05-22 18:10:27,804 : INFO : End of Preprocessing...
2022-05-22 18:10:27,804 : INFO : Start of Load Model
2022-05-22 18:10:27,804 : INFO : Model File KMeans loaded
2022-05-22 18:10:27,804 : INFO : End of Load Model
2022-05-22 18:10:27,806 : INFO : clusters loop started
2022-05-22 18:10:27,808 : INFO : Start of finding correct model
2022-05-22 18:10:27,808 : INFO : End of finding correct model
2022-05-22 18:10:27,808 : INFO : Start of Load Model
2022-05-22 18:10:27,808 : INFO : Model File XGBoost2 loaded
2022-05-22 18:10:27,808 : INFO : End of Load Model
2022-05-22 18:10:27,817 : INFO : Shape of Data (1, 9)
2022-05-22 18:10:27,820 : INFO : Shape of Data None
2022-05-22 18:10:27,821 : INFO : Output : [0.]
2022-05-22 18:10:27,821 : INFO : End of Prediction
