2022-05-20 11:34:09,492 : INFO : Start of Prediction
2022-05-20 11:34:09,492 : INFO : run_id:2022-05-20_113409_561245471
2022-05-20 11:34:09,492 : INFO : Start of Data Load, validation and transformation
2022-05-20 11:34:09,492 : INFO : Start of Archiving Old Rejected Files...
2022-05-20 11:34:09,492 : INFO : End of Archiving Old Rejected Files...
2022-05-20 11:34:09,492 : INFO : Start of Archiving Old Validated Files...
2022-05-20 11:34:09,492 : INFO : End of Archiving Old Validated Files...
2022-05-20 11:34:09,492 : INFO : Start of Archiving Old Processed Files...
2022-05-20 11:34:09,492 : INFO : End of Archiving Old Processed Files...
2022-05-20 11:34:09,492 : INFO : Start of Archiving Old Result Files...
2022-05-20 11:34:09,492 : INFO : End of Archiving Old Result Files...
2022-05-20 11:34:09,492 : INFO : Start of Reading values From Schema...
2022-05-20 11:34:09,492 : INFO : End of Reading values From Schema...
2022-05-20 11:34:09,492 : INFO : Start of Validating Column Length...
2022-05-20 11:34:09,506 : INFO : End of Validating Column Length...
2022-05-20 11:34:09,506 : INFO : Start of Validating Missing Values...
2022-05-20 11:34:09,508 : INFO : End of Validating Missing Values...
2022-05-20 11:34:09,508 : INFO : Start of Replacing Missing Values with NULL...
2022-05-20 11:34:09,515 : INFO : hr_employee_churn_data_predict3.csv: File Transformed successfully!!
2022-05-20 11:34:09,515 : INFO : End of Replacing Missing Values with NULL...
2022-05-20 11:34:09,518 : INFO : Start of Creating Table...
2022-05-20 11:34:09,518 : INFO : Opened prediction database successfully
2022-05-20 11:34:09,529 : INFO : CREATE TABLE prediction_raw_data_t column_name
2022-05-20 11:34:09,532 : INFO : ALTER TABLE prediction_raw_data_t ADD COLUMN
2022-05-20 11:34:09,534 : INFO : ALTER TABLE prediction_raw_data_t ADD COLUMN
2022-05-20 11:34:09,537 : INFO : ALTER TABLE prediction_raw_data_t ADD COLUMN
2022-05-20 11:34:09,542 : INFO : ALTER TABLE prediction_raw_data_t ADD COLUMN
2022-05-20 11:34:09,544 : INFO : ALTER TABLE prediction_raw_data_t ADD COLUMN
2022-05-20 11:34:09,547 : INFO : ALTER TABLE prediction_raw_data_t ADD COLUMN
2022-05-20 11:34:09,550 : INFO : ALTER TABLE prediction_raw_data_t ADD COLUMN
2022-05-20 11:34:09,553 : INFO : ALTER TABLE prediction_raw_data_t ADD COLUMN
2022-05-20 11:34:09,553 : INFO : End of Creating Table...
2022-05-20 11:34:09,553 : INFO : Opened prediction database successfully
2022-05-20 11:34:09,553 : INFO : Start of Inserting Data into Table...
2022-05-20 11:34:09,565 : INFO : End of Inserting Data into Table...
2022-05-20 11:34:09,565 : INFO : Start of Exporting Data into CSV...
2022-05-20 11:34:09,565 : INFO : Opened prediction database successfully
2022-05-20 11:34:09,565 : INFO : End of Exporting Data into CSV...
2022-05-20 11:34:09,565 : INFO : Start of Moving Processed Files...
2022-05-20 11:34:09,565 : INFO : Moved the already processed file hr_employee_churn_data_predict3.csv
2022-05-20 11:34:09,565 : INFO : End of Moving Processed Files...
2022-05-20 11:34:09,565 : INFO : End of Data Load, validation and transformation
2022-05-20 11:34:09,565 : INFO : Start of Preprocessing...
2022-05-20 11:34:09,565 : INFO : Start of reading dataset...
2022-05-20 11:34:09,567 : INFO : End of reading dataset...
2022-05-20 11:34:09,567 : INFO : Start of feature encoding...
2022-05-20 11:34:09,576 : INFO : End of feature encoding...
2022-05-20 11:34:09,577 : INFO : Start of Droping Columns...
2022-05-20 11:34:09,577 : INFO : End of Droping Columns...
2022-05-20 11:34:09,577 : INFO : Start of finding missing values...
2022-05-20 11:34:09,578 : INFO : End of finding missing values...
2022-05-20 11:34:09,578 : INFO : Start of building final predictset...
2022-05-20 11:34:09,590 : INFO : End of building final predictset...
2022-05-20 11:34:09,590 : INFO : End of Preprocessing...
2022-05-20 11:34:09,591 : INFO : Start of Load Model
2022-05-20 11:34:09,591 : INFO : Model File KMeans loaded
2022-05-20 11:34:09,591 : INFO : End of Load Model
2022-05-20 11:34:09,592 : INFO : clusters loop started
2022-05-20 11:34:09,593 : INFO : Start of finding correct model
2022-05-20 11:34:09,593 : INFO : End of finding correct model
2022-05-20 11:34:09,593 : INFO : Start of Load Model
2022-05-20 11:34:09,593 : INFO : Model File XGBoost2 loaded
2022-05-20 11:34:09,593 : INFO : End of Load Model
2022-05-20 11:34:09,610 : ERROR : Unsuccessful End of Prediction
Traceback (most recent call last):
  File "/home/mouad/Desktop/end_to_endMLProject/apps/prediction/predict_model.py", line 75, in batch_predict_from_model
    result.to_csv(self.data_path+'_results/'+'Predictions.csv', header=True, mode='a+',index=False)
  File "/home/mouad/Desktop/end_to_endMLProject/env/lib/python3.8/site-packages/pandas/core/generic.py", line 3228, in to_csv
    formatter.save()
  File "/home/mouad/Desktop/end_to_endMLProject/env/lib/python3.8/site-packages/pandas/io/formats/csvs.py", line 179, in save
    f, handles = _get_handle(
  File "/home/mouad/Desktop/end_to_endMLProject/env/lib/python3.8/site-packages/pandas/io/common.py", line 399, in _get_handle
    f = open(path_or_buf, mode, encoding=encoding, newline="")
FileNotFoundError: [Errno 2] No such file or directory: 'data/prediction_data_results/Predictions.csv'
