2022-05-22 16:50:58,252 : INFO : Start of Prediction
2022-05-22 16:50:58,253 : INFO : run_id:2022-05-22_165058_594166377
2022-05-22 16:50:58,253 : INFO : Start of Preprocessing...
2022-05-22 16:50:58,253 : INFO : Start of feature encoding...
2022-05-22 16:50:58,260 : INFO : End of feature encoding...
2022-05-22 16:50:58,261 : INFO : Start of Droping Columns...
2022-05-22 16:50:58,261 : INFO : End of Droping Columns...
2022-05-22 16:50:58,261 : INFO : Start of finding missing values...
2022-05-22 16:50:58,262 : INFO : End of finding missing values...
2022-05-22 16:50:58,262 : INFO : Start of building final predictset...
2022-05-22 16:50:58,268 : INFO : End of building final predictset...
2022-05-22 16:50:58,268 : INFO : End of Preprocessing...
2022-05-22 16:50:58,268 : INFO : Start of Load Model
2022-05-22 16:50:58,268 : INFO : Model File KMeans loaded
2022-05-22 16:50:58,268 : INFO : End of Load Model
2022-05-22 16:50:58,272 : INFO : clusters loop started
2022-05-22 16:50:58,273 : INFO : Start of finding correct model
2022-05-22 16:50:58,273 : INFO : End of finding correct model
2022-05-22 16:50:58,273 : INFO : Start of Load Model
2022-05-22 16:50:58,273 : INFO : Model File XGBoost2 loaded
2022-05-22 16:50:58,273 : INFO : End of Load Model
2022-05-22 16:50:58,276 : INFO : Shape of Data (1, 9)
2022-05-22 16:50:58,281 : INFO : Shape of Data None
2022-05-22 16:50:58,283 : INFO : Output : [0.]
2022-05-22 16:50:58,283 : INFO : End of Prediction
