2022-05-20 12:36:53,901 : INFO : Start of Prediction
2022-05-20 12:36:53,901 : INFO : run_id:2022-05-20_123653_454280316
2022-05-20 12:36:53,901 : INFO : Start of Data Load, validation and transformation
2022-05-20 12:36:53,901 : INFO : Start of Archiving Old Rejected Files...
2022-05-20 12:36:53,902 : INFO : End of Archiving Old Rejected Files...
2022-05-20 12:36:53,902 : INFO : Start of Archiving Old Validated Files...
2022-05-20 12:36:53,902 : INFO : End of Archiving Old Validated Files...
2022-05-20 12:36:53,902 : INFO : Start of Archiving Old Processed Files...
2022-05-20 12:36:53,902 : INFO : End of Archiving Old Processed Files...
2022-05-20 12:36:53,902 : INFO : Start of Archiving Old Result Files...
2022-05-20 12:36:53,910 : INFO : End of Archiving Old Result Files...
2022-05-20 12:36:53,910 : INFO : Start of Reading values From Schema...
2022-05-20 12:36:53,910 : INFO : End of Reading values From Schema...
2022-05-20 12:36:53,910 : INFO : Start of Validating Column Length...
2022-05-20 12:36:53,912 : INFO : End of Validating Column Length...
2022-05-20 12:36:53,912 : INFO : Start of Validating Missing Values...
2022-05-20 12:36:53,914 : INFO : End of Validating Missing Values...
2022-05-20 12:36:53,914 : INFO : Start of Replacing Missing Values with NULL...
2022-05-20 12:36:53,926 : INFO : hr_employee_churn_data_predict3.csv: File Transformed successfully!!
2022-05-20 12:36:53,926 : INFO : End of Replacing Missing Values with NULL...
2022-05-20 12:36:53,926 : INFO : Start of Creating Table...
2022-05-20 12:36:53,926 : INFO : Opened prediction database successfully
2022-05-20 12:36:53,938 : INFO : CREATE TABLE prediction_raw_data_t column_name
2022-05-20 12:36:53,940 : INFO : ALTER TABLE prediction_raw_data_t ADD COLUMN
2022-05-20 12:36:53,943 : INFO : ALTER TABLE prediction_raw_data_t ADD COLUMN
2022-05-20 12:36:53,946 : INFO : ALTER TABLE prediction_raw_data_t ADD COLUMN
2022-05-20 12:36:53,949 : INFO : ALTER TABLE prediction_raw_data_t ADD COLUMN
2022-05-20 12:36:53,951 : INFO : ALTER TABLE prediction_raw_data_t ADD COLUMN
2022-05-20 12:36:53,954 : INFO : ALTER TABLE prediction_raw_data_t ADD COLUMN
2022-05-20 12:36:53,957 : INFO : ALTER TABLE prediction_raw_data_t ADD COLUMN
2022-05-20 12:36:53,961 : INFO : ALTER TABLE prediction_raw_data_t ADD COLUMN
2022-05-20 12:36:53,961 : INFO : End of Creating Table...
2022-05-20 12:36:53,961 : INFO : Opened prediction database successfully
2022-05-20 12:36:53,961 : INFO : Start of Inserting Data into Table...
2022-05-20 12:36:53,971 : INFO : End of Inserting Data into Table...
2022-05-20 12:36:53,971 : INFO : Start of Exporting Data into CSV...
2022-05-20 12:36:53,971 : INFO : Opened prediction database successfully
2022-05-20 12:36:53,972 : INFO : End of Exporting Data into CSV...
2022-05-20 12:36:53,972 : INFO : Start of Moving Processed Files...
2022-05-20 12:36:53,972 : INFO : Moved the already processed file hr_employee_churn_data_predict3.csv
2022-05-20 12:36:53,972 : INFO : End of Moving Processed Files...
2022-05-20 12:36:53,972 : INFO : End of Data Load, validation and transformation
2022-05-20 12:36:53,972 : INFO : Start of Preprocessing...
2022-05-20 12:36:53,972 : INFO : Start of reading dataset...
2022-05-20 12:36:53,973 : INFO : End of reading dataset...
2022-05-20 12:36:53,973 : INFO : Start of feature encoding...
2022-05-20 12:36:53,981 : INFO : End of feature encoding...
2022-05-20 12:36:53,981 : INFO : Start of Droping Columns...
2022-05-20 12:36:53,982 : INFO : End of Droping Columns...
2022-05-20 12:36:53,982 : INFO : Start of finding missing values...
2022-05-20 12:36:53,989 : INFO : End of finding missing values...
2022-05-20 12:36:53,989 : INFO : Start of building final predictset...
2022-05-20 12:36:53,993 : INFO : End of building final predictset...
2022-05-20 12:36:53,999 : INFO : End of Preprocessing...
2022-05-20 12:36:53,999 : INFO : Start of Load Model
2022-05-20 12:36:53,999 : INFO : Model File KMeans loaded
2022-05-20 12:36:53,999 : INFO : End of Load Model
2022-05-20 12:36:54,006 : INFO : clusters loop started
2022-05-20 12:36:54,009 : INFO : Start of finding correct model
2022-05-20 12:36:54,009 : INFO : End of finding correct model
2022-05-20 12:36:54,009 : INFO : Start of Load Model
2022-05-20 12:36:54,009 : INFO : Model File XGBoost2 loaded
2022-05-20 12:36:54,009 : INFO : End of Load Model
2022-05-20 12:36:54,035 : INFO : clusters loop started
2022-05-20 12:36:54,036 : INFO : Start of finding correct model
2022-05-20 12:36:54,036 : INFO : End of finding correct model
2022-05-20 12:36:54,036 : INFO : Start of Load Model
2022-05-20 12:36:54,036 : INFO : Model File XGBoost1 loaded
2022-05-20 12:36:54,036 : INFO : End of Load Model
2022-05-20 12:36:54,057 : INFO : End of Prediction
