2022-05-20 11:35:39,047 : INFO : Start of Prediction
2022-05-20 11:35:39,047 : INFO : run_id:2022-05-20_113539_801689915
2022-05-20 11:35:39,047 : INFO : Start of Data Load, validation and transformation
2022-05-20 11:35:39,047 : INFO : Start of Archiving Old Rejected Files...
2022-05-20 11:35:39,047 : INFO : End of Archiving Old Rejected Files...
2022-05-20 11:35:39,047 : INFO : Start of Archiving Old Validated Files...
2022-05-20 11:35:39,047 : INFO : End of Archiving Old Validated Files...
2022-05-20 11:35:39,047 : INFO : Start of Archiving Old Processed Files...
2022-05-20 11:35:39,047 : INFO : End of Archiving Old Processed Files...
2022-05-20 11:35:39,047 : INFO : Start of Archiving Old Result Files...
2022-05-20 11:35:39,047 : INFO : End of Archiving Old Result Files...
2022-05-20 11:35:39,047 : INFO : Start of Reading values From Schema...
2022-05-20 11:35:39,048 : INFO : End of Reading values From Schema...
2022-05-20 11:35:39,048 : INFO : Start of Validating Column Length...
2022-05-20 11:35:39,049 : INFO : End of Validating Column Length...
2022-05-20 11:35:39,049 : INFO : Start of Validating Missing Values...
2022-05-20 11:35:39,061 : INFO : End of Validating Missing Values...
2022-05-20 11:35:39,061 : INFO : Start of Replacing Missing Values with NULL...
2022-05-20 11:35:39,064 : INFO : hr_employee_churn_data_predict3.csv: File Transformed successfully!!
2022-05-20 11:35:39,064 : INFO : End of Replacing Missing Values with NULL...
2022-05-20 11:35:39,064 : INFO : Start of Creating Table...
2022-05-20 11:35:39,064 : INFO : Opened prediction database successfully
2022-05-20 11:35:39,075 : INFO : CREATE TABLE prediction_raw_data_t column_name
2022-05-20 11:35:39,077 : INFO : ALTER TABLE prediction_raw_data_t ADD COLUMN
2022-05-20 11:35:39,080 : INFO : ALTER TABLE prediction_raw_data_t ADD COLUMN
2022-05-20 11:35:39,083 : INFO : ALTER TABLE prediction_raw_data_t ADD COLUMN
2022-05-20 11:35:39,086 : INFO : ALTER TABLE prediction_raw_data_t ADD COLUMN
2022-05-20 11:35:39,091 : INFO : ALTER TABLE prediction_raw_data_t ADD COLUMN
2022-05-20 11:35:39,094 : INFO : ALTER TABLE prediction_raw_data_t ADD COLUMN
2022-05-20 11:35:39,097 : INFO : ALTER TABLE prediction_raw_data_t ADD COLUMN
2022-05-20 11:35:39,101 : INFO : ALTER TABLE prediction_raw_data_t ADD COLUMN
2022-05-20 11:35:39,101 : INFO : End of Creating Table...
2022-05-20 11:35:39,101 : INFO : Opened prediction database successfully
2022-05-20 11:35:39,101 : INFO : Start of Inserting Data into Table...
2022-05-20 11:35:39,112 : INFO : End of Inserting Data into Table...
2022-05-20 11:35:39,112 : INFO : Start of Exporting Data into CSV...
2022-05-20 11:35:39,112 : INFO : Opened prediction database successfully
2022-05-20 11:35:39,113 : INFO : End of Exporting Data into CSV...
2022-05-20 11:35:39,113 : INFO : Start of Moving Processed Files...
2022-05-20 11:35:39,113 : INFO : Moved the already processed file hr_employee_churn_data_predict3.csv
2022-05-20 11:35:39,113 : INFO : End of Moving Processed Files...
2022-05-20 11:35:39,113 : INFO : End of Data Load, validation and transformation
2022-05-20 11:35:39,113 : INFO : Start of Preprocessing...
2022-05-20 11:35:39,113 : INFO : Start of reading dataset...
2022-05-20 11:35:39,114 : INFO : End of reading dataset...
2022-05-20 11:35:39,114 : INFO : Start of feature encoding...
2022-05-20 11:35:39,122 : INFO : End of feature encoding...
2022-05-20 11:35:39,122 : INFO : Start of Droping Columns...
2022-05-20 11:35:39,123 : INFO : End of Droping Columns...
2022-05-20 11:35:39,123 : INFO : Start of finding missing values...
2022-05-20 11:35:39,123 : INFO : End of finding missing values...
2022-05-20 11:35:39,123 : INFO : Start of building final predictset...
2022-05-20 11:35:39,126 : INFO : End of building final predictset...
2022-05-20 11:35:39,126 : INFO : End of Preprocessing...
2022-05-20 11:35:39,126 : INFO : Start of Load Model
2022-05-20 11:35:39,126 : INFO : Model File KMeans loaded
2022-05-20 11:35:39,126 : INFO : End of Load Model
2022-05-20 11:35:39,136 : INFO : clusters loop started
2022-05-20 11:35:39,136 : INFO : Start of finding correct model
2022-05-20 11:35:39,136 : INFO : End of finding correct model
2022-05-20 11:35:39,136 : INFO : Start of Load Model
2022-05-20 11:35:39,136 : INFO : Model File XGBoost2 loaded
2022-05-20 11:35:39,136 : INFO : End of Load Model
2022-05-20 11:35:39,154 : ERROR : Unsuccessful End of Prediction
Traceback (most recent call last):
  File "/home/mouad/Desktop/end_to_endMLProject/apps/prediction/predict_model.py", line 75, in batch_predict_from_model
    print(result)
  File "/home/mouad/Desktop/end_to_endMLProject/env/lib/python3.8/site-packages/pandas/core/generic.py", line 3228, in to_csv
    formatter.save()
  File "/home/mouad/Desktop/end_to_endMLProject/env/lib/python3.8/site-packages/pandas/io/formats/csvs.py", line 179, in save
    f, handles = _get_handle(
  File "/home/mouad/Desktop/end_to_endMLProject/env/lib/python3.8/site-packages/pandas/io/common.py", line 399, in _get_handle
    f = open(path_or_buf, mode, encoding=encoding, newline="")
FileNotFoundError: [Errno 2] No such file or directory: 'data/prediction_data_results/Predictions.csv'
