2022-05-20 11:05:52,600 : INFO : Start of Prediction
2022-05-20 11:05:52,600 : INFO : run_id:2022-05-20_110552_351100081
2022-05-20 11:05:52,600 : INFO : Start of Data Load, validation and transformation
2022-05-20 11:05:52,600 : INFO : Start of Archiving Old Rejected Files...
2022-05-20 11:05:52,600 : INFO : End of Archiving Old Rejected Files...
2022-05-20 11:05:52,600 : INFO : Start of Archiving Old Validated Files...
2022-05-20 11:05:52,600 : INFO : End of Archiving Old Validated Files...
2022-05-20 11:05:52,600 : INFO : Start of Archiving Old Processed Files...
2022-05-20 11:05:52,600 : INFO : End of Archiving Old Processed Files...
2022-05-20 11:05:52,600 : INFO : Start of Archiving Old Result Files...
2022-05-20 11:05:52,600 : INFO : End of Archiving Old Result Files...
2022-05-20 11:05:52,600 : INFO : Start of Reading values From Schema...
2022-05-20 11:05:52,600 : INFO : End of Reading values From Schema...
2022-05-20 11:05:52,600 : INFO : Start of Validating Column Length...
2022-05-20 11:05:52,600 : INFO : End of Validating Column Length...
2022-05-20 11:05:52,600 : INFO : Start of Validating Missing Values...
2022-05-20 11:05:52,600 : INFO : End of Validating Missing Values...
2022-05-20 11:05:52,600 : INFO : Start of Replacing Missing Values with NULL...
2022-05-20 11:05:52,600 : INFO : End of Replacing Missing Values with NULL...
2022-05-20 11:05:52,600 : INFO : Start of Creating Table...
2022-05-20 11:05:52,600 : INFO : Opened prediction database successfully
2022-05-20 11:05:52,613 : INFO : CREATE TABLE prediction_raw_data_t column_name
2022-05-20 11:05:52,616 : INFO : ALTER TABLE prediction_raw_data_t ADD COLUMN
2022-05-20 11:05:52,619 : INFO : ALTER TABLE prediction_raw_data_t ADD COLUMN
2022-05-20 11:05:52,622 : INFO : ALTER TABLE prediction_raw_data_t ADD COLUMN
2022-05-20 11:05:52,625 : INFO : ALTER TABLE prediction_raw_data_t ADD COLUMN
2022-05-20 11:05:52,628 : INFO : ALTER TABLE prediction_raw_data_t ADD COLUMN
2022-05-20 11:05:52,630 : INFO : ALTER TABLE prediction_raw_data_t ADD COLUMN
2022-05-20 11:05:52,633 : INFO : ALTER TABLE prediction_raw_data_t ADD COLUMN
2022-05-20 11:05:52,636 : INFO : ALTER TABLE prediction_raw_data_t ADD COLUMN
2022-05-20 11:05:52,636 : INFO : End of Creating Table...
2022-05-20 11:05:52,636 : INFO : Opened prediction database successfully
2022-05-20 11:05:52,636 : INFO : Start of Inserting Data into Table...
2022-05-20 11:05:52,637 : INFO : End of Inserting Data into Table...
2022-05-20 11:05:52,637 : INFO : Start of Exporting Data into CSV...
2022-05-20 11:05:52,637 : INFO : Opened prediction database successfully
2022-05-20 11:05:52,637 : INFO : End of Exporting Data into CSV...
2022-05-20 11:05:52,637 : INFO : Start of Moving Processed Files...
2022-05-20 11:05:52,637 : INFO : End of Moving Processed Files...
2022-05-20 11:05:52,637 : INFO : End of Data Load, validation and transformation
2022-05-20 11:05:52,637 : INFO : Start of Preprocessing...
2022-05-20 11:05:52,637 : INFO : Start of reading dataset...
2022-05-20 11:05:52,639 : INFO : End of reading dataset...
2022-05-20 11:05:52,639 : INFO : Start of feature encoding...
2022-05-20 11:05:52,672 : INFO : End of feature encoding...
2022-05-20 11:05:52,672 : INFO : Start of Droping Columns...
2022-05-20 11:05:52,672 : INFO : End of Droping Columns...
2022-05-20 11:05:52,672 : INFO : Start of finding missing values...
2022-05-20 11:05:52,673 : INFO : End of finding missing values...
2022-05-20 11:05:52,673 : INFO : Start of building final predictset...
2022-05-20 11:05:52,683 : INFO : End of building final predictset...
2022-05-20 11:05:52,683 : INFO : End of Preprocessing...
2022-05-20 11:05:52,683 : INFO : Start of Load Model
2022-05-20 11:05:52,683 : INFO : Model File KMeans loaded
2022-05-20 11:05:52,683 : INFO : End of Load Model
2022-05-20 11:05:52,684 : ERROR : Unsuccessful End of Prediction
Traceback (most recent call last):
  File "/home/mouad/Desktop/end_to_endMLProject/apps/prediction/predict_model.py", line 60, in batch_predict_from_model
    clusters = kmeans.predict(self.X.drop(['empid'],axis=1))
  File "/home/mouad/Desktop/end_to_endMLProject/env/lib/python3.8/site-packages/sklearn/cluster/_kmeans.py", line 1087, in predict
    X = self._check_test_data(X)
  File "/home/mouad/Desktop/end_to_endMLProject/env/lib/python3.8/site-packages/sklearn/cluster/_kmeans.py", line 811, in _check_test_data
    X = check_array(X, accept_sparse='csr', dtype=FLOAT_DTYPES)
  File "/home/mouad/Desktop/end_to_endMLProject/env/lib/python3.8/site-packages/sklearn/utils/validation.py", line 583, in check_array
    raise ValueError("Found array with %d sample(s) (shape=%s) while a"
ValueError: Found array with 0 sample(s) (shape=(0, 9)) while a minimum of 1 is required.
