2022-05-19 12:07:09,006 : INFO : Start of Training
2022-05-19 12:07:09,010 : INFO : Run_id:2022-05-19_120709_865226685
2022-05-19 12:07:09,010 : INFO : Start of Data Load, validation and transformation
2022-05-19 12:07:09,010 : INFO : Start of Archiving Old Rejected Files...
2022-05-19 12:07:09,010 : INFO : End of Archiving Old Rejected Files...
2022-05-19 12:07:09,010 : INFO : Start of Archiving Old Validated Files...
2022-05-19 12:07:09,011 : INFO : End of Archiving Old Validated Files...
2022-05-19 12:07:09,011 : INFO : Start of Archiving Old Processed Files...
2022-05-19 12:07:09,011 : INFO : End of Archiving Old Processed Files...
2022-05-19 12:07:09,011 : INFO : Start of Archiving Old Result Files...
2022-05-19 12:07:09,011 : INFO : End of Archiving Old Result Files...
2022-05-19 12:07:09,011 : INFO : Start of Reading values From Schema...
2022-05-19 12:07:09,014 : INFO : End of Reading values From Schema...
2022-05-19 12:07:09,014 : INFO : Start of Validating Column Length...
2022-05-19 12:07:09,035 : INFO : End of Validating Column Length...
2022-05-19 12:07:09,035 : INFO : Start of Validating Missing Values...
2022-05-19 12:07:09,047 : INFO : End of Validating Missing Values...
2022-05-19 12:07:09,047 : INFO : Start of Replacing Missing Values with NULL...
2022-05-19 12:07:09,219 : INFO : hr_employee_churn_data.csv: File Transformed successfully!!
2022-05-19 12:07:09,219 : INFO : End of Replacing Missing Values with NULL...
2022-05-19 12:07:09,219 : INFO : Start of Creating Table...
2022-05-19 12:07:09,220 : INFO : Opened training database successfully
2022-05-19 12:07:09,227 : INFO : CREATE TABLE training_raw_data_t column_name
2022-05-19 12:07:09,229 : INFO : ALTER TABLE training_raw_data_t ADD COLUMN
2022-05-19 12:07:09,232 : INFO : ALTER TABLE training_raw_data_t ADD COLUMN
2022-05-19 12:07:09,235 : INFO : ALTER TABLE training_raw_data_t ADD COLUMN
2022-05-19 12:07:09,238 : INFO : ALTER TABLE training_raw_data_t ADD COLUMN
2022-05-19 12:07:09,241 : INFO : ALTER TABLE training_raw_data_t ADD COLUMN
2022-05-19 12:07:09,243 : INFO : ALTER TABLE training_raw_data_t ADD COLUMN
2022-05-19 12:07:09,246 : INFO : ALTER TABLE training_raw_data_t ADD COLUMN
2022-05-19 12:07:09,250 : INFO : ALTER TABLE training_raw_data_t ADD COLUMN
2022-05-19 12:07:09,253 : INFO : ALTER TABLE training_raw_data_t ADD COLUMN
2022-05-19 12:07:09,253 : INFO : End of Creating Table...
2022-05-19 12:07:09,253 : INFO : Opened training database successfully
2022-05-19 12:07:09,253 : INFO : Start of Inserting Data into Table...
2022-05-19 12:07:53,708 : INFO : End of Inserting Data into Table...
2022-05-19 12:07:53,708 : INFO : Start of Exporting Data into CSV...
2022-05-19 12:07:53,708 : INFO : Opened training database successfully
2022-05-19 12:07:53,776 : INFO : End of Exporting Data into CSV...
2022-05-19 12:07:53,778 : INFO : Start of Moving Processed Files...
2022-05-19 12:07:53,778 : INFO : Moved the already processed file hr_employee_churn_data.csv
2022-05-19 12:07:53,778 : INFO : End of Moving Processed Files...
2022-05-19 12:07:53,778 : INFO : End of Data Load, validation and transformation
2022-05-19 12:07:53,778 : INFO : Start of Preprocessing...
2022-05-19 12:07:53,778 : INFO : Start of reading dataset...
2022-05-19 12:07:53,790 : INFO : End of reading dataset...
2022-05-19 12:07:53,791 : INFO : Start of Droping Columns...
2022-05-19 12:07:53,796 : INFO : End of Droping Columns...
2022-05-19 12:07:53,796 : INFO : Start of feature encoding...
2022-05-19 12:07:53,800 : INFO : End of feature encoding...
2022-05-19 12:07:53,806 : INFO : Start of Droping Columns...
2022-05-19 12:07:53,807 : INFO : End of Droping Columns...
2022-05-19 12:07:53,807 : INFO : Start of finding missing values...
2022-05-19 12:07:53,813 : INFO : End of finding missing values...
2022-05-19 12:07:53,814 : INFO : Start of imputing missing values...
2022-05-19 12:07:53,822 : INFO : End of imputing missing values...
2022-05-19 12:07:53,823 : INFO : Start of splitting features and label ...
2022-05-19 12:07:53,823 : INFO : End of splitting features and label ...
2022-05-19 12:07:53,830 : INFO : End of Preprocessing...
2022-05-19 12:07:53,830 : INFO : Start of elbow plotting...
2022-05-19 12:07:57,439 : INFO : The optimum number of clusters is: 3
2022-05-19 12:07:57,439 : INFO : End of elbow plotting...
2022-05-19 12:07:57,439 : INFO : Start of Create clusters...
2022-05-19 12:07:57,657 : INFO : Start of Save Models
2022-05-19 12:07:57,657 : INFO : Start of Save Models
2022-05-19 12:07:57,658 : INFO : Model File KMeans saved
2022-05-19 12:07:57,658 : INFO : Model File KMeans saved
2022-05-19 12:07:57,659 : INFO : End of Save Models
2022-05-19 12:07:57,659 : INFO : End of Save Models
2022-05-19 12:07:57,659 : INFO : succesfully created 3clusters.
2022-05-19 12:07:57,659 : INFO : End of Create clusters...
2022-05-19 12:07:57,672 : INFO : Start of finding best model...
2022-05-19 12:07:57,674 : INFO : Start of finding best params for XGBoost algo...
2022-05-19 12:09:21,159 : INFO : XGBoost best params: {'learning_rate': 0.5, 'max_depth': 10, 'n_estimators': 200}
2022-05-19 12:09:21,159 : INFO : End of finding best params for XGBoost algo...
2022-05-19 12:09:21,194 : INFO : AUC for XGBoost:0.983593869701696
2022-05-19 12:09:21,194 : INFO : Start of finding best params for randomforest algo...
2022-05-19 12:09:48,244 : INFO : Random Forest best params: {'criterion': 'entropy', 'max_depth': 3, 'max_features': 'auto', 'n_estimators': 50}
2022-05-19 12:09:48,250 : INFO : End of finding best params for randomforest algo...
2022-05-19 12:09:48,259 : INFO : AUC for XGBoost:0.9639171207555619
2022-05-19 12:09:48,259 : INFO : End of finding best model...
2022-05-19 12:09:48,259 : INFO : Start of Save Models
2022-05-19 12:09:48,259 : INFO : Start of Save Models
2022-05-19 12:09:48,260 : INFO : Model File XGBoost2 saved
2022-05-19 12:09:48,260 : INFO : Model File XGBoost2 saved
2022-05-19 12:09:48,260 : INFO : End of Save Models
2022-05-19 12:09:48,260 : INFO : End of Save Models
2022-05-19 12:09:48,267 : INFO : Start of finding best model...
2022-05-19 12:09:48,267 : INFO : Start of finding best params for XGBoost algo...
2022-05-19 12:11:13,948 : INFO : XGBoost best params: {'learning_rate': 0.1, 'max_depth': 10, 'n_estimators': 100}
2022-05-19 12:11:13,954 : INFO : End of finding best params for XGBoost algo...
2022-05-19 12:11:13,967 : INFO : AUC for XGBoost:0.9832103511442503
2022-05-19 12:11:13,967 : INFO : Start of finding best params for randomforest algo...
2022-05-19 12:11:40,820 : INFO : Random Forest best params: {'criterion': 'entropy', 'max_depth': 3, 'max_features': 'log2', 'n_estimators': 50}
2022-05-19 12:11:40,825 : INFO : End of finding best params for randomforest algo...
2022-05-19 12:11:40,834 : INFO : AUC for XGBoost:0.9598007344530733
2022-05-19 12:11:40,834 : INFO : End of finding best model...
2022-05-19 12:11:40,835 : INFO : Start of Save Models
2022-05-19 12:11:40,835 : INFO : Start of Save Models
2022-05-19 12:11:40,836 : INFO : Model File XGBoost1 saved
2022-05-19 12:11:40,836 : INFO : Model File XGBoost1 saved
2022-05-19 12:11:40,836 : INFO : End of Save Models
2022-05-19 12:11:40,836 : INFO : End of Save Models
2022-05-19 12:11:40,838 : INFO : Start of finding best model...
2022-05-19 12:11:40,842 : INFO : Start of finding best params for XGBoost algo...
2022-05-19 12:12:44,604 : INFO : XGBoost best params: {'learning_rate': 0.5, 'max_depth': 20, 'n_estimators': 50}
2022-05-19 12:12:44,604 : INFO : End of finding best params for XGBoost algo...
2022-05-19 12:12:44,607 : INFO : AUC for XGBoost:0.9081905910735827
2022-05-19 12:12:44,614 : INFO : Start of finding best params for randomforest algo...
2022-05-19 12:13:08,550 : INFO : Random Forest best params: {'criterion': 'entropy', 'max_depth': 3, 'max_features': 'auto', 'n_estimators': 100}
2022-05-19 12:13:08,550 : INFO : End of finding best params for randomforest algo...
2022-05-19 12:13:08,558 : INFO : AUC for XGBoost:0.8193968636911944
2022-05-19 12:13:08,562 : INFO : End of finding best model...
2022-05-19 12:13:08,562 : INFO : Start of Save Models
2022-05-19 12:13:08,562 : INFO : Start of Save Models
2022-05-19 12:13:08,570 : INFO : Model File XGBoost0 saved
2022-05-19 12:13:08,570 : INFO : Model File XGBoost0 saved
2022-05-19 12:13:08,570 : INFO : End of Save Models
2022-05-19 12:13:08,570 : INFO : End of Save Models
2022-05-19 12:13:08,570 : INFO : End of Training
